<?xml version="1.0" encoding="UTF-8"?>
<testng-results skipped="0" failed="0" ignored="0" total="1" passed="1">
  <reporter-output>
  </reporter-output>
  <suite name="Suiteecommercesite" duration-ms="15789" started-at="2022-09-14T10:58:06Z" finished-at="2022-09-14T10:58:22Z">
    <groups>
    </groups>
    <test name="TestE2E" duration-ms="15789" started-at="2022-09-14T10:58:06Z" finished-at="2022-09-14T10:58:22Z">
      <class name="onlinestore.testcase.LandingPageTest">
        <test-method status="PASS" signature="setUp()[pri:0, instance:onlinestore.testcase.LandingPageTest@3532ec19]" name="setUp" is-config="true" duration-ms="14218" started-at="2022-09-14T11:58:06Z" finished-at="2022-09-14T11:58:20Z">
          <reporter-output>
          </reporter-output>
        </test-method> <!-- setUp -->
        <test-method status="PASS" signature="titleValidation()[pri:1, instance:onlinestore.testcase.LandingPageTest@3532ec19]" name="titleValidation" duration-ms="31" started-at="2022-09-14T11:58:20Z" finished-at="2022-09-14T11:58:21Z">
          <reporter-output>
          </reporter-output>
        </test-method> <!-- titleValidation -->
        <test-method status="PASS" signature="tesrDown()[pri:0, instance:onlinestore.testcase.LandingPageTest@3532ec19]" name="tesrDown" is-config="true" duration-ms="1497" started-at="2022-09-14T11:58:21Z" finished-at="2022-09-14T11:58:22Z">
          <reporter-output>
          </reporter-output>
        </test-method> <!-- tesrDown -->
      </class> <!-- onlinestore.testcase.LandingPageTest -->
    </test> <!-- TestE2E -->
  </suite> <!-- Suiteecommercesite -->
</testng-results>
